This is pdfTeX, Version 3.14159265-2.6-1.40.20 (TeX Live 2019/W32TeX) (preloaded format=pdflatex 2020.3.12)  28 APR 2021 00:26
entering extended mode
 restricted \write18 enabled.
 %&-line parsing enabled.
**final.tex
(./final.tex
LaTeX2e <2020-02-02> patch level 5
L3 programming layer <2020-02-25> (c:/texlive/2019/texmf-dist/tex/latex/base/ar
ticle.cls
Document Class: article 2019/12/20 v1.4l Standard LaTeX document class
(c:/texlive/2019/texmf-dist/tex/latex/base/size12.clo
File: size12.clo 2019/12/20 v1.4l Standard LaTeX file (size option)
)
\c@part=\count167
\c@section=\count168
\c@subsection=\count169
\c@subsubsection=\count170
\c@paragraph=\count171
\c@subparagraph=\count172
\c@figure=\count173
\c@table=\count174
\abovecaptionskip=\skip47
\belowcaptionskip=\skip48
\bibindent=\dimen134
) (c:/texlive/2019/texmf-dist/tex/latex/amsmath/amsmath.sty
Package: amsmath 2020/01/20 v2.17e AMS math features
\@mathmargin=\skip49
For additional information on amsmath, use the `?' option.
(c:/texlive/2019/texmf-dist/tex/latex/amsmath/amstext.sty
Package: amstext 2000/06/29 v2.01 AMS text
(c:/texlive/2019/texmf-dist/tex/latex/amsmath/amsgen.sty
File: amsgen.sty 1999/11/30 v2.0 generic functions
\@emptytoks=\toks15
\ex@=\dimen135
)) (c:/texlive/2019/texmf-dist/tex/latex/amsmath/amsbsy.sty
Package: amsbsy 1999/11/29 v1.2d Bold Symbols
\pmbraise@=\dimen136
) (c:/texlive/2019/texmf-dist/tex/latex/amsmath/amsopn.sty
Package: amsopn 2016/03/08 v2.02 operator names
)
\inf@bad=\count175
LaTeX Info: Redefining \frac on input line 227.
\uproot@=\count176
\leftroot@=\count177
LaTeX Info: Redefining \overline on input line 389.
\classnum@=\count178
\DOTSCASE@=\count179
LaTeX Info: Redefining \ldots on input line 486.
LaTeX Info: Redefining \dots on input line 489.
LaTeX Info: Redefining \cdots on input line 610.
\Mathstrutbox@=\box45
\strutbox@=\box46
\big@size=\dimen137
LaTeX Font Info:    Redeclaring font encoding OML on input line 733.
LaTeX Font Info:    Redeclaring font encoding OMS on input line 734.
\macc@depth=\count180
\c@MaxMatrixCols=\count181
\dotsspace@=\muskip16
\c@parentequation=\count182
\dspbrk@lvl=\count183
\tag@help=\toks16
\row@=\count184
\column@=\count185
\maxfields@=\count186
\andhelp@=\toks17
\eqnshift@=\dimen138
\alignsep@=\dimen139
\tagshift@=\dimen140
\tagwidth@=\dimen141
\totwidth@=\dimen142
\lineht@=\dimen143
\@envbody=\toks18
\multlinegap=\skip50
\multlinetaggap=\skip51
\mathdisplay@stack=\toks19
LaTeX Info: Redefining \[ on input line 2859.
LaTeX Info: Redefining \] on input line 2860.
) (c:/texlive/2019/texmf-dist/tex/latex/amsfonts/amssymb.sty
Package: amssymb 2013/01/14 v3.01 AMS font symbols
(c:/texlive/2019/texmf-dist/tex/latex/amsfonts/amsfonts.sty
Package: amsfonts 2013/01/14 v3.01 Basic AMSFonts support
\symAMSa=\mathgroup4
\symAMSb=\mathgroup5
LaTeX Font Info:    Redeclaring math symbol \hbar on input line 98.
LaTeX Font Info:    Overwriting math alphabet `\mathfrak' in version `bold'
(Font)                  U/euf/m/n --> U/euf/b/n on input line 106.
)) (c:/texlive/2019/texmf-dist/tex/latex/lm/lmodern.sty
Package: lmodern 2009/10/30 v1.6 Latin Modern Fonts
LaTeX Font Info:    Overwriting symbol font `operators' in version `normal'
(Font)                  OT1/cmr/m/n --> OT1/lmr/m/n on input line 22.
LaTeX Font Info:    Overwriting symbol font `letters' in version `normal'
(Font)                  OML/cmm/m/it --> OML/lmm/m/it on input line 23.
LaTeX Font Info:    Overwriting symbol font `symbols' in version `normal'
(Font)                  OMS/cmsy/m/n --> OMS/lmsy/m/n on input line 24.
LaTeX Font Info:    Overwriting symbol font `largesymbols' in version `normal'
(Font)                  OMX/cmex/m/n --> OMX/lmex/m/n on input line 25.
LaTeX Font Info:    Overwriting symbol font `operators' in version `bold'
(Font)                  OT1/cmr/bx/n --> OT1/lmr/bx/n on input line 26.
LaTeX Font Info:    Overwriting symbol font `letters' in version `bold'
(Font)                  OML/cmm/b/it --> OML/lmm/b/it on input line 27.
LaTeX Font Info:    Overwriting symbol font `symbols' in version `bold'
(Font)                  OMS/cmsy/b/n --> OMS/lmsy/b/n on input line 28.
LaTeX Font Info:    Overwriting symbol font `largesymbols' in version `bold'
(Font)                  OMX/cmex/m/n --> OMX/lmex/m/n on input line 29.
LaTeX Font Info:    Overwriting math alphabet `\mathbf' in version `normal'
(Font)                  OT1/cmr/bx/n --> OT1/lmr/bx/n on input line 31.
LaTeX Font Info:    Overwriting math alphabet `\mathsf' in version `normal'
(Font)                  OT1/cmss/m/n --> OT1/lmss/m/n on input line 32.
LaTeX Font Info:    Overwriting math alphabet `\mathit' in version `normal'
(Font)                  OT1/cmr/m/it --> OT1/lmr/m/it on input line 33.
LaTeX Font Info:    Overwriting math alphabet `\mathtt' in version `normal'
(Font)                  OT1/cmtt/m/n --> OT1/lmtt/m/n on input line 34.
LaTeX Font Info:    Overwriting math alphabet `\mathbf' in version `bold'
(Font)                  OT1/cmr/bx/n --> OT1/lmr/bx/n on input line 35.
LaTeX Font Info:    Overwriting math alphabet `\mathsf' in version `bold'
(Font)                  OT1/cmss/bx/n --> OT1/lmss/bx/n on input line 36.
LaTeX Font Info:    Overwriting math alphabet `\mathit' in version `bold'
(Font)                  OT1/cmr/bx/it --> OT1/lmr/bx/it on input line 37.
LaTeX Font Info:    Overwriting math alphabet `\mathtt' in version `bold'
(Font)                  OT1/cmtt/m/n --> OT1/lmtt/m/n on input line 38.
) (c:/texlive/2019/texmf-dist/tex/generic/iftex/ifxetex.sty
Package: ifxetex 2019/10/25 v0.7 ifxetex legacy package. Use iftex instead.
(c:/texlive/2019/texmf-dist/tex/generic/iftex/iftex.sty
Package: iftex 2019/11/07 v1.0c TeX engine tests
)) (c:/texlive/2019/texmf-dist/tex/generic/iftex/ifluatex.sty
Package: ifluatex 2019/10/25 v1.5 ifluatex legacy package. Use iftex instead.
) (c:/texlive/2019/texmf-dist/tex/latex/base/fontenc.sty
Package: fontenc 2020/02/11 v2.0o Standard LaTeX package
LaTeX Font Info:    Trying to load font information for T1+lmr on input line 11
2.
(c:/texlive/2019/texmf-dist/tex/latex/lm/t1lmr.fd
File: t1lmr.fd 2009/10/30 v1.6 Font defs for Latin Modern
)) (c:/texlive/2019/texmf-dist/tex/latex/base/inputenc.sty
Package: inputenc 2018/08/11 v1.3c Input encoding file
\inpenc@prehook=\toks20
\inpenc@posthook=\toks21
) (c:/texlive/2019/texmf-dist/tex/latex/base/textcomp.sty
Package: textcomp 2020/02/02 v2.0n Standard LaTeX package
) (c:/texlive/2019/texmf-dist/tex/latex/upquote/upquote.sty
Package: upquote 2012/04/19 v1.3 upright-quote and grave-accent glyphs in verba
tim
) (c:/texlive/2019/texmf-dist/tex/latex/microtype/microtype.sty
Package: microtype 2019/11/18 v2.7d Micro-typographical refinements (RS)
(c:/texlive/2019/texmf-dist/tex/latex/graphics/keyval.sty
Package: keyval 2014/10/28 v1.15 key=value parser (DPC)
\KV@toks@=\toks22
)
\MT@toks=\toks23
\MT@count=\count187
LaTeX Info: Redefining \textls on input line 790.
\MT@outer@kern=\dimen144
LaTeX Info: Redefining \textmicrotypecontext on input line 1354.
\MT@listname@count=\count188
(c:/texlive/2019/texmf-dist/tex/latex/microtype/microtype-pdftex.def
File: microtype-pdftex.def 2019/11/18 v2.7d Definitions specific to pdftex (RS)

LaTeX Info: Redefining \lsstyle on input line 914.
LaTeX Info: Redefining \lslig on input line 914.
\MT@outer@space=\skip52
)
Package microtype Info: Loading configuration file microtype.cfg.
(c:/texlive/2019/texmf-dist/tex/latex/microtype/microtype.cfg
File: microtype.cfg 2019/11/18 v2.7d microtype main configuration file (RS)
)) (c:/texlive/2019/texmf-dist/tex/latex/parskip/parskip.sty
Package: parskip 2020-01-22 v2.0d non-zero parskip adjustments
(c:/texlive/2019/texmf-dist/tex/latex/kvoptions/kvoptions.sty
Package: kvoptions 2019/11/29 v3.13 Key value format for package options (HO)
(c:/texlive/2019/texmf-dist/tex/generic/ltxcmds/ltxcmds.sty
Package: ltxcmds 2019/12/15 v1.24 LaTeX kernel commands for general use (HO)
) (c:/texlive/2019/texmf-dist/tex/generic/kvsetkeys/kvsetkeys.sty
Package: kvsetkeys 2019/12/15 v1.18 Key value parser (HO)
)) (c:/texlive/2019/texmf-dist/tex/latex/etoolbox/etoolbox.sty
Package: etoolbox 2019/09/21 v2.5h e-TeX tools for LaTeX (JAW)
\etb@tempcnta=\count189
)) (c:/texlive/2019/texmf-dist/tex/latex/xcolor/xcolor.sty
Package: xcolor 2016/05/11 v2.12 LaTeX color extensions (UK)
(c:/texlive/2019/texmf-dist/tex/latex/graphics-cfg/color.cfg
File: color.cfg 2016/01/02 v1.6 sample color configuration
)
Package xcolor Info: Driver file: pdftex.def on input line 225.
(c:/texlive/2019/texmf-dist/tex/latex/graphics-def/pdftex.def
File: pdftex.def 2018/01/08 v1.0l Graphics/color driver for pdftex
)
Package xcolor Info: Model `cmy' substituted by `cmy0' on input line 1348.
Package xcolor Info: Model `hsb' substituted by `rgb' on input line 1352.
Package xcolor Info: Model `RGB' extended on input line 1364.
Package xcolor Info: Model `HTML' substituted by `rgb' on input line 1366.
Package xcolor Info: Model `Hsb' substituted by `hsb' on input line 1367.
Package xcolor Info: Model `tHsb' substituted by `hsb' on input line 1368.
Package xcolor Info: Model `HSB' substituted by `hsb' on input line 1369.
Package xcolor Info: Model `Gray' substituted by `gray' on input line 1370.
Package xcolor Info: Model `wave' substituted by `hsb' on input line 1371.
) (c:/texlive/2019/texmf-dist/tex/latex/xurl/xurl.sty
Package: xurl 2020/01/24 v 0.09 modify URL breaks
(c:/texlive/2019/texmf-dist/tex/latex/url/url.sty
\Urlmuskip=\muskip17
Package: url 2013/09/16  ver 3.4  Verb mode for urls, etc.
)) (c:/texlive/2019/texmf-dist/tex/latex/bookmark/bookmark.sty
Package: bookmark 2019/12/03 v1.28 PDF bookmarks (HO)
(c:/texlive/2019/texmf-dist/tex/latex/hyperref/hyperref.sty
Package: hyperref 2020/01/14 v7.00d Hypertext links for LaTeX
(c:/texlive/2019/texmf-dist/tex/latex/pdftexcmds/pdftexcmds.sty
Package: pdftexcmds 2019/11/24 v0.31 Utility functions of pdfTeX for LuaTeX (HO
)
(c:/texlive/2019/texmf-dist/tex/generic/infwarerr/infwarerr.sty
Package: infwarerr 2019/12/03 v1.5 Providing info/warning/error messages (HO)
)
Package pdftexcmds Info: \pdf@primitive is available.
Package pdftexcmds Info: \pdf@ifprimitive is available.
Package pdftexcmds Info: \pdfdraftmode found.
) (c:/texlive/2019/texmf-dist/tex/generic/kvdefinekeys/kvdefinekeys.sty
Package: kvdefinekeys 2019-12-19 v1.6 Define keys (HO)
) (c:/texlive/2019/texmf-dist/tex/generic/pdfescape/pdfescape.sty
Package: pdfescape 2019/12/09 v1.15 Implements pdfTeX's escape features (HO)
) (c:/texlive/2019/texmf-dist/tex/latex/hycolor/hycolor.sty
Package: hycolor 2020-01-27 v1.10 Color options for hyperref/bookmark (HO)
) (c:/texlive/2019/texmf-dist/tex/latex/letltxmacro/letltxmacro.sty
Package: letltxmacro 2019/12/03 v1.6 Let assignment for LaTeX macros (HO)
) (c:/texlive/2019/texmf-dist/tex/latex/auxhook/auxhook.sty
Package: auxhook 2019-12-17 v1.6 Hooks for auxiliary files (HO)
)
\@linkdim=\dimen145
\Hy@linkcounter=\count190
\Hy@pagecounter=\count191
(c:/texlive/2019/texmf-dist/tex/latex/hyperref/pd1enc.def
File: pd1enc.def 2020/01/14 v7.00d Hyperref: PDFDocEncoding definition (HO)
Now handling font encoding PD1 ...
... no UTF-8 mapping file for font encoding PD1
) (c:/texlive/2019/texmf-dist/tex/generic/intcalc/intcalc.sty
Package: intcalc 2019/12/15 v1.3 Expandable calculations with integers (HO)
) (c:/texlive/2019/texmf-dist/tex/generic/etexcmds/etexcmds.sty
Package: etexcmds 2019/12/15 v1.7 Avoid name clashes with e-TeX commands (HO)
)
\Hy@SavedSpaceFactor=\count192
\pdfmajorversion=\count193
Package hyperref Info: Option `unicode' set `true' on input line 4421.
(c:/texlive/2019/texmf-dist/tex/latex/hyperref/puenc.def
File: puenc.def 2020/01/14 v7.00d Hyperref: PDF Unicode definition (HO)
Now handling font encoding PU ...
... no UTF-8 mapping file for font encoding PU
)
Package hyperref Info: Hyper figures OFF on input line 4547.
Package hyperref Info: Link nesting OFF on input line 4552.
Package hyperref Info: Hyper index ON on input line 4555.
Package hyperref Info: Plain pages OFF on input line 4562.
Package hyperref Info: Backreferencing OFF on input line 4567.
Package hyperref Info: Implicit mode ON; LaTeX internals redefined.
Package hyperref Info: Bookmarks ON on input line 4800.
\c@Hy@tempcnt=\count194
LaTeX Info: Redefining \url on input line 5159.
\XeTeXLinkMargin=\dimen146
(c:/texlive/2019/texmf-dist/tex/generic/bitset/bitset.sty
Package: bitset 2019/12/09 v1.3 Handle bit-vector datatype (HO)
(c:/texlive/2019/texmf-dist/tex/generic/bigintcalc/bigintcalc.sty
Package: bigintcalc 2019/12/15 v1.5 Expandable calculations on big integers (HO
)
))
\Fld@menulength=\count195
\Field@Width=\dimen147
\Fld@charsize=\dimen148
Package hyperref Info: Hyper figures OFF on input line 6430.
Package hyperref Info: Link nesting OFF on input line 6435.
Package hyperref Info: Hyper index ON on input line 6438.
Package hyperref Info: backreferencing OFF on input line 6445.
Package hyperref Info: Link coloring OFF on input line 6450.
Package hyperref Info: Link coloring with OCG OFF on input line 6455.
Package hyperref Info: PDF/A mode OFF on input line 6460.
LaTeX Info: Redefining \ref on input line 6500.
LaTeX Info: Redefining \pageref on input line 6504.
(c:/texlive/2019/texmf-dist/tex/generic/atbegshi/atbegshi.sty
Package: atbegshi 2019/12/05 v1.19 At begin shipout hook (HO)
)
\Hy@abspage=\count196
\c@Item=\count197
\c@Hfootnote=\count198
)
Package hyperref Info: Driver (autodetected): hpdftex.
(c:/texlive/2019/texmf-dist/tex/latex/hyperref/hpdftex.def
File: hpdftex.def 2020/01/14 v7.00d Hyperref driver for pdfTeX
(c:/texlive/2019/texmf-dist/tex/latex/atveryend/atveryend.sty
Package: atveryend 2019-12-11 v1.11 Hooks at the very end of document (HO)
)
\Fld@listcount=\count199
\c@bookmark@seq@number=\count266
(c:/texlive/2019/texmf-dist/tex/latex/rerunfilecheck/rerunfilecheck.sty
Package: rerunfilecheck 2019/12/05 v1.9 Rerun checks for auxiliary files (HO)
(c:/texlive/2019/texmf-dist/tex/generic/uniquecounter/uniquecounter.sty
Package: uniquecounter 2019/12/15 v1.4 Provide unlimited unique counter (HO)
)
Package uniquecounter Info: New unique counter `rerunfilecheck' on input line 2
86.
)
\Hy@SectionHShift=\skip53
) (c:/texlive/2019/texmf-dist/tex/latex/bookmark/bkm-pdftex.def
File: bkm-pdftex.def 2019/12/03 v1.28 bookmark driver for pdfTeX (HO)
\BKM@id=\count267
)) (c:/texlive/2019/texmf-dist/tex/latex/geometry/geometry.sty
Package: geometry 2020/01/02 v5.9 Page Geometry
(c:/texlive/2019/texmf-dist/tex/generic/iftex/ifvtex.sty
Package: ifvtex 2019/10/25 v1.7 ifvtex legacy package. Use iftex instead.
)
\Gm@cnth=\count268
\Gm@cntv=\count269
\c@Gm@tempcnt=\count270
\Gm@bindingoffset=\dimen149
\Gm@wd@mp=\dimen150
\Gm@odd@mp=\dimen151
\Gm@even@mp=\dimen152
\Gm@layoutwidth=\dimen153
\Gm@layoutheight=\dimen154
\Gm@layouthoffset=\dimen155
\Gm@layoutvoffset=\dimen156
\Gm@dimlist=\toks24
) (c:/texlive/2019/texmf-dist/tex/latex/fancyvrb/fancyvrb.sty
Package: fancyvrb 2020/01/13 v3.5 verbatim text (tvz,hv)
\FV@CodeLineNo=\count271
\FV@InFile=\read2
\FV@TabBox=\box47
\c@FancyVerbLine=\count272
\FV@StepNumber=\count273
\FV@OutFile=\write3
) (c:/texlive/2019/texmf-dist/tex/latex/framed/framed.sty
Package: framed 2011/10/22 v 0.96: framed or shaded text with page breaks
\OuterFrameSep=\skip54
\fb@frw=\dimen157
\fb@frh=\dimen158
\FrameRule=\dimen159
\FrameSep=\dimen160
) (c:/texlive/2019/texmf-dist/tex/latex/graphics/graphicx.sty
Package: graphicx 2019/11/30 v1.2a Enhanced LaTeX Graphics (DPC,SPQR)
(c:/texlive/2019/texmf-dist/tex/latex/graphics/graphics.sty
Package: graphics 2019/11/30 v1.4a Standard LaTeX Graphics (DPC,SPQR)
(c:/texlive/2019/texmf-dist/tex/latex/graphics/trig.sty
Package: trig 2016/01/03 v1.10 sin cos tan (DPC)
) (c:/texlive/2019/texmf-dist/tex/latex/graphics-cfg/graphics.cfg
File: graphics.cfg 2016/06/04 v1.11 sample graphics configuration
)
Package graphics Info: Driver file: pdftex.def on input line 105.
)
\Gin@req@height=\dimen161
\Gin@req@width=\dimen162
) (c:/texlive/2019/texmf-dist/tex/latex/polski/polski.sty
Package: polski 2017/05/04 v1.3.4 Polish language package
   Inputenc package detected. Catcodes not changed.
(c:/texlive/2019/texmf-dist/tex/latex/base/ot4enc.def
File: ot4enc.def 2020/02/11 v2.0o Standard LaTeX file
Now handling font encoding OT4 ...
... no UTF-8 mapping file for font encoding OT4
)) (c:/texlive/2019/texmf-dist/tex/latex/float/float.sty
Package: float 2001/11/08 v1.3d Float enhancements (AL)
\c@float@type=\count274
\float@exts=\toks25
\float@box=\box48
\@float@everytoks=\toks26
\@floatcapt=\box49
) (c:/texlive/2019/texmf-dist/tex/latex/booktabs/booktabs.sty
Package: booktabs 2020/01/12 v1.61803398 Publication quality tables
\heavyrulewidth=\dimen163
\lightrulewidth=\dimen164
\cmidrulewidth=\dimen165
\belowrulesep=\dimen166
\belowbottomsep=\dimen167
\aboverulesep=\dimen168
\abovetopsep=\dimen169
\cmidrulesep=\dimen170
\cmidrulekern=\dimen171
\defaultaddspace=\dimen172
\@cmidla=\count275
\@cmidlb=\count276
\@aboverulesep=\dimen173
\@belowrulesep=\dimen174
\@thisruleclass=\count277
\@lastruleclass=\count278
\@thisrulewidth=\dimen175
) (c:/texlive/2019/texmf-dist/tex/latex/tools/longtable.sty
Package: longtable 2020/01/07 v4.13 Multi-page Table package (DPC)
\LTleft=\skip55
\LTright=\skip56
\LTpre=\skip57
\LTpost=\skip58
\LTchunksize=\count279
\LTcapwidth=\dimen176
\LT@head=\box50
\LT@firsthead=\box51
\LT@foot=\box52
\LT@lastfoot=\box53
\LT@cols=\count280
\LT@rows=\count281
\c@LT@tables=\count282
\c@LT@chunks=\count283
\LT@p@ftn=\toks27
) (c:/texlive/2019/texmf-dist/tex/latex/tools/array.sty
Package: array 2019/08/31 v2.4l Tabular extension package (FMi)
\col@sep=\dimen177
\ar@mcellbox=\box54
\extrarowheight=\dimen178
\NC@list=\toks28
\extratabsurround=\skip59
\backup@length=\skip60
\ar@cellbox=\box55
) (c:/texlive/2019/texmf-dist/tex/latex/multirow/multirow.sty
Package: multirow 2019/05/31 v2.5 Span multiple rows of a table
\multirow@colwidth=\skip61
\multirow@cntb=\count284
\multirow@dima=\skip62
\bigstrutjot=\dimen179
) (c:/texlive/2019/texmf-dist/tex/latex/wrapfig/wrapfig.sty
\wrapoverhang=\dimen180
\WF@size=\dimen181
\c@WF@wrappedlines=\count285
\WF@box=\box56
\WF@everypar=\toks29
Package: wrapfig 2003/01/31  v 3.6
) (c:/texlive/2019/texmf-dist/tex/latex/colortbl/colortbl.sty
Package: colortbl 2020/01/04 v1.0e Color table columns (DPC)
\everycr=\toks30
\minrowclearance=\skip63
) (c:/texlive/2019/texmf-dist/tex/latex/pdflscape/pdflscape.sty
Package: pdflscape 2019/12/05 v0.12 Display of landscape pages in PDF (HO)
(c:/texlive/2019/texmf-dist/tex/latex/graphics/lscape.sty
Package: lscape 2000/10/22 v3.01 Landscape Pages (DPC)
)
Package pdflscape Info: Auto-detected driver: pdftex on input line 81.
) (c:/texlive/2019/texmf-dist/tex/latex/tabu/tabu.sty
Package: tabu 2019/01/11 v2.9 - flexible LaTeX tabulars (FC+tabu-fixed)
(c:/texlive/2019/texmf-dist/tex/latex/varwidth/varwidth.sty
Package: varwidth 2009/03/30 ver 0.92;  Variable-width minipages
\@vwid@box=\box57
\sift@deathcycles=\count286
\@vwid@loff=\dimen182
\@vwid@roff=\dimen183
)
\c@taburow=\count287
\tabu@nbcols=\count288
\tabu@cnt=\count289
\tabu@Xcol=\count290
\tabu@alloc=\count291
\tabu@nested=\count292
\tabu@target=\dimen184
\tabu@spreadtarget=\dimen185
\tabu@naturalX=\dimen186
\tabucolX=\dimen187
\tabu@Xsum=\dimen188
\extrarowdepth=\dimen189
\abovetabulinesep=\dimen190
\belowtabulinesep=\dimen191
\tabustrutrule=\dimen192
\tabu@thebody=\toks31
\tabu@footnotes=\toks32
\tabu@box=\box58
\tabu@arstrutbox=\box59
\tabu@hleads=\box60
\tabu@vleads=\box61
\tabu@cellskip=\skip64
) (c:/texlive/2019/texmf-dist/tex/latex/threeparttable/threeparttable.sty
Package: threeparttable 2003/06/13  v 3.0
\@tempboxb=\box62
) (c:/texlive/2019/texmf-dist/tex/latex/threeparttablex/threeparttablex.sty
Package: threeparttablex 2013/07/23 v0.3 by daleif
(c:/texlive/2019/texmf-dist/tex/latex/environ/environ.sty
Package: environ 2014/05/04 v0.3 A new way to define environments
(c:/texlive/2019/texmf-dist/tex/latex/trimspaces/trimspaces.sty
Package: trimspaces 2009/09/17 v1.1 Trim spaces around a token list
))
\TPTL@width=\skip65
) (c:/texlive/2019/texmf-dist/tex/generic/ulem/ulem.sty
\UL@box=\box63
\UL@hyphenbox=\box64
\UL@skip=\skip66
\UL@hook=\toks33
\UL@height=\dimen193
\UL@pe=\count293
\UL@pixel=\dimen194
\ULC@box=\box65
Package: ulem 2019/11/18
\ULdepth=\dimen195
) (c:/texlive/2019/texmf-dist/tex/latex/makecell/makecell.sty
Package: makecell 2009/08/03 V0.1e Managing of Tab Column Heads and Cells
\rotheadsize=\dimen196
\c@nlinenum=\count294
\TeXr@lab=\toks34
) (c:/texlive/2019/texmf-dist/tex/latex/l3backend/l3backend-pdfmode.def
File: l3backend-pdfmode.def 2020-02-23 L3 backend support: PDF mode
\l__kernel_color_stack_int=\count295
\l__pdf_internal_box=\box66
) (./final.aux)
\openout1 = `final.aux'.

LaTeX Font Info:    Checking defaults for OML/cmm/m/it on input line 138.
LaTeX Font Info:    ... okay on input line 138.
LaTeX Font Info:    Checking defaults for OMS/cmsy/m/n on input line 138.
LaTeX Font Info:    ... okay on input line 138.
LaTeX Font Info:    Checking defaults for OT1/cmr/m/n on input line 138.
LaTeX Font Info:    ... okay on input line 138.
LaTeX Font Info:    Checking defaults for T1/cmr/m/n on input line 138.
LaTeX Font Info:    ... okay on input line 138.
LaTeX Font Info:    Checking defaults for TS1/cmr/m/n on input line 138.
LaTeX Font Info:    ... okay on input line 138.
LaTeX Font Info:    Checking defaults for OMX/cmex/m/n on input line 138.
LaTeX Font Info:    ... okay on input line 138.
LaTeX Font Info:    Checking defaults for U/cmr/m/n on input line 138.
LaTeX Font Info:    ... okay on input line 138.
LaTeX Font Info:    Checking defaults for PD1/pdf/m/n on input line 138.
LaTeX Font Info:    ... okay on input line 138.
LaTeX Font Info:    Checking defaults for PU/pdf/m/n on input line 138.
LaTeX Font Info:    ... okay on input line 138.
LaTeX Font Info:    Checking defaults for OT4/cmr/m/n on input line 138.
LaTeX Font Info:    Trying to load font information for OT4+cmr on input line 1
38.
(c:/texlive/2019/texmf-dist/tex/latex/polski/ot4cmr.fd
File: ot4cmr.fd 2008/02/24 v1.2.1 Font defs for fonts PL (MW)
)
LaTeX Font Info:    ... okay on input line 138.
LaTeX Font Info:    Trying to load font information for OT4+lmr on input line 1
38.
(c:/texlive/2019/texmf-dist/tex/latex/lm/ot4lmr.fd
File: ot4lmr.fd 2009/10/30 v1.6 Font defs for Latin Modern
)
LaTeX Info: Redefining \microtypecontext on input line 138.
Package microtype Info: Generating PDF output.
Package microtype Info: Character protrusion enabled (level 2).
Package microtype Info: Using protrusion set `basicmath'.
Package microtype Info: Automatic font expansion enabled (level 2),
(microtype)             stretch: 20, shrink: 20, step: 1, non-selected.
Package microtype Info: Using default expansion set `basictext'.
LaTeX Info: Redefining \showhyphens on input line 138.
Package microtype Info: No adjustment of tracking.
Package microtype Info: No adjustment of interword spacing.
Package microtype Info: No adjustment of character kerning.
(c:/texlive/2019/texmf-dist/tex/latex/microtype/mt-cmr.cfg
File: mt-cmr.cfg 2013/05/19 v2.2 microtype config. file: Computer Modern Roman 
(RS)
) (c:/texlive/2019/texmf-dist/tex/context/base/mkii/supp-pdf.mkii
[Loading MPS to PDF converter (version 2006.09.02).]
\scratchcounter=\count296
\scratchdimen=\dimen197
\scratchbox=\box67
\nofMPsegments=\count297
\nofMParguments=\count298
\everyMPshowfont=\toks35
\MPscratchCnt=\count299
\MPscratchDim=\dimen198
\MPnumerator=\count300
\makeMPintoPDFobject=\count301
\everyMPtoPDFconversion=\toks36
) (c:/texlive/2019/texmf-dist/tex/latex/epstopdf-pkg/epstopdf-base.sty
Package: epstopdf-base 2020-01-24 v2.11 Base part for package epstopdf
Package epstopdf-base Info: Redefining graphics rule for `.eps' on input line 4
85.
(c:/texlive/2019/texmf-dist/tex/latex/latexconfig/epstopdf-sys.cfg
File: epstopdf-sys.cfg 2010/07/13 v1.3 Configuration of (r)epstopdf for TeX Liv
e
))
\AtBeginShipoutBox=\box68
Package hyperref Info: Link coloring OFF on input line 138.
(c:/texlive/2019/texmf-dist/tex/latex/hyperref/nameref.sty
Package: nameref 2019/09/16 v2.46 Cross-referencing by name of section
(c:/texlive/2019/texmf-dist/tex/latex/refcount/refcount.sty
Package: refcount 2019/12/15 v3.6 Data extraction from label references (HO)
) (c:/texlive/2019/texmf-dist/tex/generic/gettitlestring/gettitlestring.sty
Package: gettitlestring 2019/12/15 v1.6 Cleanup title references (HO)
)
\c@section@level=\count302
)
LaTeX Info: Redefining \ref on input line 138.
LaTeX Info: Redefining \pageref on input line 138.
LaTeX Info: Redefining \nameref on input line 138.
*geometry* driver: auto-detecting
*geometry* detected driver: pdftex
*geometry* verbose mode - [ preamble ] result:
* driver: pdftex
* paper: <default>
* layout: <same size as paper>
* layoutoffset:(h,v)=(0.0pt,0.0pt)
* modes: 
* h-part:(L,W,R)=(72.26999pt, 469.75502pt, 72.26999pt)
* v-part:(T,H,B)=(72.26999pt, 650.43001pt, 72.26999pt)
* \paperwidth=614.295pt
* \paperheight=794.96999pt
* \textwidth=469.75502pt
* \textheight=650.43001pt
* \oddsidemargin=0.0pt
* \evensidemargin=0.0pt
* \topmargin=-37.0pt
* \headheight=12.0pt
* \headsep=25.0pt
* \topskip=12.0pt
* \footskip=30.0pt
* \marginparwidth=44.0pt
* \marginparsep=10.0pt
* \columnsep=10.0pt
* \skip\footins=10.8pt plus 4.0pt minus 2.0pt
* \hoffset=0.0pt
* \voffset=0.0pt
* \mag=1000
* \@twocolumnfalse
* \@twosidefalse
* \@mparswitchfalse
* \@reversemarginfalse
* (1in=72.27pt=25.4mm, 1cm=28.453pt)

LaTeX Font Info:    Trying to load font information for OT1+lmr on input line 1
40.
(c:/texlive/2019/texmf-dist/tex/latex/lm/ot1lmr.fd
File: ot1lmr.fd 2009/10/30 v1.6 Font defs for Latin Modern
)
LaTeX Font Info:    Trying to load font information for OML+lmm on input line 1
40.
(c:/texlive/2019/texmf-dist/tex/latex/lm/omllmm.fd
File: omllmm.fd 2009/10/30 v1.6 Font defs for Latin Modern
)
LaTeX Font Info:    Trying to load font information for OMS+lmsy on input line 
140.
(c:/texlive/2019/texmf-dist/tex/latex/lm/omslmsy.fd
File: omslmsy.fd 2009/10/30 v1.6 Font defs for Latin Modern
)
LaTeX Font Info:    Trying to load font information for OMX+lmex on input line 
140.
(c:/texlive/2019/texmf-dist/tex/latex/lm/omxlmex.fd
File: omxlmex.fd 2009/10/30 v1.6 Font defs for Latin Modern
)
LaTeX Font Info:    External font `lmex10' loaded for size
(Font)              <14.4> on input line 140.
LaTeX Font Info:    External font `lmex10' loaded for size
(Font)              <10> on input line 140.
LaTeX Font Info:    External font `lmex10' loaded for size
(Font)              <7> on input line 140.
LaTeX Font Info:    Trying to load font information for U+msa on input line 140
.
(c:/texlive/2019/texmf-dist/tex/latex/amsfonts/umsa.fd
File: umsa.fd 2013/01/14 v3.01 AMS symbols A
) (c:/texlive/2019/texmf-dist/tex/latex/microtype/mt-msa.cfg
File: mt-msa.cfg 2006/02/04 v1.1 microtype config. file: AMS symbols (a) (RS)
)
LaTeX Font Info:    Trying to load font information for U+msb on input line 140
.
(c:/texlive/2019/texmf-dist/tex/latex/amsfonts/umsb.fd
File: umsb.fd 2013/01/14 v3.01 AMS symbols B
) (c:/texlive/2019/texmf-dist/tex/latex/microtype/mt-msb.cfg
File: mt-msb.cfg 2005/06/01 v1.0 microtype config. file: AMS symbols (b) (RS)
) (./final.toc
LaTeX Font Info:    External font `lmex10' loaded for size
(Font)              <12> on input line 3.
LaTeX Font Info:    External font `lmex10' loaded for size
(Font)              <8> on input line 3.
LaTeX Font Info:    External font `lmex10' loaded for size
(Font)              <6> on input line 3.
)
\tf@toc=\write4
\openout4 = `final.toc'.

LaTeX Font Info:    Trying to load font information for OT4+lmtt on input line 
155.
(c:/texlive/2019/texmf-dist/tex/latex/lm/ot4lmtt.fd
File: ot4lmtt.fd 2009/10/30 v1.6 Font defs for Latin Modern
) [1

{c:/texlive/2019/texmf-var/fonts/map/pdftex/updmap/pdftex.map}]
<final_files/figure-latex/unnamed-chunk-4-1.pdf, id=41, 433.62pt x 289.08pt>
File: final_files/figure-latex/unnamed-chunk-4-1.pdf Graphic file (type pdf)
<use final_files/figure-latex/unnamed-chunk-4-1.pdf>
Package pdftex.def Info: final_files/figure-latex/unnamed-chunk-4-1.pdf  used o
n input line 178.
(pdftex.def)             Requested size: 433.63878pt x 289.09251pt.
LaTeX Font Info:    Trying to load font information for TS1+lmr on input line 2
10.
(c:/texlive/2019/texmf-dist/tex/latex/lm/ts1lmr.fd
File: ts1lmr.fd 2009/10/30 v1.6 Font defs for Latin Modern
) [2pdfTeX warning (ext4): destination with the same identifier (name{table.1})
 has been already used, duplicate ignored

\AtBegShi@Output ...ipout \box \AtBeginShipoutBox 
                                                  \fi \fi 
l.212   e
         qual frequency, <./final_files/figure-latex/unnamed-chunk-4-1.pdf>]
<final_files/figure-latex/unnamed-chunk-6-1.pdf, id=53, 433.62pt x 216.81pt>
File: final_files/figure-latex/unnamed-chunk-6-1.pdf Graphic file (type pdf)
<use final_files/figure-latex/unnamed-chunk-6-1.pdf>
Package pdftex.def Info: final_files/figure-latex/unnamed-chunk-6-1.pdf  used o
n input line 228.
(pdftex.def)             Requested size: 433.63878pt x 216.81938pt.
<final_files/figure-latex/unnamed-chunk-6-2.pdf, id=54, 433.62pt x 216.81pt>
File: final_files/figure-latex/unnamed-chunk-6-2.pdf Graphic file (type pdf)
<use final_files/figure-latex/unnamed-chunk-6-2.pdf>
Package pdftex.def Info: final_files/figure-latex/unnamed-chunk-6-2.pdf  used o
n input line 238.
(pdftex.def)             Requested size: 433.63878pt x 216.81938pt.
<final_files/figure-latex/unnamed-chunk-6-3.pdf, id=55, 433.62pt x 216.81pt>
File: final_files/figure-latex/unnamed-chunk-6-3.pdf Graphic file (type pdf)
<use final_files/figure-latex/unnamed-chunk-6-3.pdf>
Package pdftex.def Info: final_files/figure-latex/unnamed-chunk-6-3.pdf  used o
n input line 248.
(pdftex.def)             Requested size: 433.63878pt x 216.81938pt.
<final_files/figure-latex/unnamed-chunk-6-4.pdf, id=56, 433.62pt x 216.81pt>
File: final_files/figure-latex/unnamed-chunk-6-4.pdf Graphic file (type pdf)
<use final_files/figure-latex/unnamed-chunk-6-4.pdf>
Package pdftex.def Info: final_files/figure-latex/unnamed-chunk-6-4.pdf  used o
n input line 258.
(pdftex.def)             Requested size: 433.63878pt x 216.81938pt.
<final_files/figure-latex/unnamed-chunk-7-1.pdf, id=57, 234.8775pt x 216.81pt>
File: final_files/figure-latex/unnamed-chunk-7-1.pdf Graphic file (type pdf)
<use final_files/figure-latex/unnamed-chunk-7-1.pdf>
Package pdftex.def Info: final_files/figure-latex/unnamed-chunk-7-1.pdf  used o
n input line 273.
(pdftex.def)             Requested size: 234.87692pt x 216.80946pt.
<final_files/figure-latex/unnamed-chunk-7-2.pdf, id=58, 234.8775pt x 216.81pt>
File: final_files/figure-latex/unnamed-chunk-7-2.pdf Graphic file (type pdf)
<use final_files/figure-latex/unnamed-chunk-7-2.pdf>
Package pdftex.def Info: final_files/figure-latex/unnamed-chunk-7-2.pdf  used o
n input line 274.
(pdftex.def)             Requested size: 234.87692pt x 216.80946pt.

Overfull \hbox (2.6099pt too wide) in paragraph at lines 273--275
[][] [] 
 []

[3pdfTeX warning (ext4): destination with the same identifier (name{figure.1}) 
has been already used, duplicate ignored

\AtBegShi@Output ...ipout \box \AtBeginShipoutBox 
                                                  \fi \fi 
l.276 \begin{verbatim}
                       <./final_files/figure-latex/unnamed-chunk-6-1.pdf>] [4pd
fTeX warning (ext4): destination with the same identifier (name{figure.2}) has 
been already used, duplicate ignored

\AtBegShi@Output ...ipout \box \AtBeginShipoutBox 
                                                  \fi \fi 
l.276 \begin{verbatim}
                      pdfTeX warning (ext4): destination with the same identifi
er (name{figure.3}) has been already used, duplicate ignored

\AtBegShi@Output ...ipout \box \AtBeginShipoutBox 
                                                  \fi \fi 
l.276 \begin{verbatim}
                       <./final_files/figure-latex/unnamed-chunk-6-2.pdf> <./fi
nal_files/figure-latex/unnamed-chunk-6-3.pdf>]
<final_files/figure-latex/unnamed-chunk-7-3.pdf, id=90, 234.8775pt x 216.81pt>
File: final_files/figure-latex/unnamed-chunk-7-3.pdf Graphic file (type pdf)
<use final_files/figure-latex/unnamed-chunk-7-3.pdf>
Package pdftex.def Info: final_files/figure-latex/unnamed-chunk-7-3.pdf  used o
n input line 280.
(pdftex.def)             Requested size: 234.87692pt x 216.80946pt.
<final_files/figure-latex/unnamed-chunk-7-4.pdf, id=91, 234.8775pt x 216.81pt>
File: final_files/figure-latex/unnamed-chunk-7-4.pdf Graphic file (type pdf)
<use final_files/figure-latex/unnamed-chunk-7-4.pdf>
Package pdftex.def Info: final_files/figure-latex/unnamed-chunk-7-4.pdf  used o
n input line 281.
(pdftex.def)             Requested size: 234.87692pt x 216.80946pt.

Overfull \hbox (2.6099pt too wide) in paragraph at lines 280--282
[][] [] 
 []

[5pdfTeX warning (ext4): destination with the same identifier (name{figure.4}) 
has been already used, duplicate ignored

\AtBegShi@Output ...ipout \box \AtBeginShipoutBox 
                                                  \fi \fi 
l.283 \begin{verbatim}
                       <./final_files/figure-latex/unnamed-chunk-6-4.pdf> <./fi
nal_files/figure-latex/unnamed-chunk-7-1.pdf> <./final_files/figure-latex/unnam
ed-chunk-7-2.pdf>]
<final_files/figure-latex/unnamed-chunk-7-5.pdf, id=112, 234.8775pt x 216.81pt>

File: final_files/figure-latex/unnamed-chunk-7-5.pdf Graphic file (type pdf)
<use final_files/figure-latex/unnamed-chunk-7-5.pdf>
Package pdftex.def Info: final_files/figure-latex/unnamed-chunk-7-5.pdf  used o
n input line 287.
(pdftex.def)             Requested size: 234.87692pt x 216.80946pt.
<final_files/figure-latex/unnamed-chunk-7-6.pdf, id=113, 234.8775pt x 216.81pt>

File: final_files/figure-latex/unnamed-chunk-7-6.pdf Graphic file (type pdf)
<use final_files/figure-latex/unnamed-chunk-7-6.pdf>
Package pdftex.def Info: final_files/figure-latex/unnamed-chunk-7-6.pdf  used o
n input line 288.
(pdftex.def)             Requested size: 234.87692pt x 216.80946pt.

Overfull \hbox (2.6099pt too wide) in paragraph at lines 287--289
[][] [] 
 []

<final_files/figure-latex/unnamed-chunk-7-7.pdf, id=114, 234.8775pt x 216.81pt>

File: final_files/figure-latex/unnamed-chunk-7-7.pdf Graphic file (type pdf)
<use final_files/figure-latex/unnamed-chunk-7-7.pdf>
Package pdftex.def Info: final_files/figure-latex/unnamed-chunk-7-7.pdf  used o
n input line 294.
(pdftex.def)             Requested size: 234.87692pt x 216.80946pt.
<final_files/figure-latex/unnamed-chunk-7-8.pdf, id=115, 234.8775pt x 216.81pt>

File: final_files/figure-latex/unnamed-chunk-7-8.pdf Graphic file (type pdf)
<use final_files/figure-latex/unnamed-chunk-7-8.pdf>
Package pdftex.def Info: final_files/figure-latex/unnamed-chunk-7-8.pdf  used o
n input line 295.
(pdftex.def)             Requested size: 234.87692pt x 216.80946pt.

Overfull \hbox (2.6099pt too wide) in paragraph at lines 294--296
[][] [] 
 []

[6 <./final_files/figure-latex/unnamed-chunk-7-3.pdf> <./final_files/figure-lat
ex/unnamed-chunk-7-4.pdf> <./final_files/figure-latex/unnamed-chunk-7-5.pdf> <.
/final_files/figure-latex/unnamed-chunk-7-6.pdf>]
<final_files/figure-latex/unnamed-chunk-8-1.pdf, id=140, 234.8775pt x 216.81pt>

File: final_files/figure-latex/unnamed-chunk-8-1.pdf Graphic file (type pdf)
<use final_files/figure-latex/unnamed-chunk-8-1.pdf>
Package pdftex.def Info: final_files/figure-latex/unnamed-chunk-8-1.pdf  used o
n input line 316.
(pdftex.def)             Requested size: 234.87692pt x 216.80946pt.
<final_files/figure-latex/unnamed-chunk-8-2.pdf, id=141, 234.8775pt x 216.81pt>

File: final_files/figure-latex/unnamed-chunk-8-2.pdf Graphic file (type pdf)
<use final_files/figure-latex/unnamed-chunk-8-2.pdf>
Package pdftex.def Info: final_files/figure-latex/unnamed-chunk-8-2.pdf  used o
n input line 317.
(pdftex.def)             Requested size: 234.87692pt x 216.80946pt.

Overfull \hbox (2.6099pt too wide) in paragraph at lines 316--318
[][] [] 
 []

<final_files/figure-latex/unnamed-chunk-8-3.pdf, id=142, 234.8775pt x 216.81pt>

File: final_files/figure-latex/unnamed-chunk-8-3.pdf Graphic file (type pdf)
<use final_files/figure-latex/unnamed-chunk-8-3.pdf>
Package pdftex.def Info: final_files/figure-latex/unnamed-chunk-8-3.pdf  used o
n input line 323.
(pdftex.def)             Requested size: 234.87692pt x 216.80946pt.
<final_files/figure-latex/unnamed-chunk-8-4.pdf, id=143, 234.8775pt x 216.81pt>

File: final_files/figure-latex/unnamed-chunk-8-4.pdf Graphic file (type pdf)
<use final_files/figure-latex/unnamed-chunk-8-4.pdf>
Package pdftex.def Info: final_files/figure-latex/unnamed-chunk-8-4.pdf  used o
n input line 324.
(pdftex.def)             Requested size: 234.87692pt x 216.80946pt.

Overfull \hbox (2.6099pt too wide) in paragraph at lines 323--325
[][] [] 
 []

[7 <./final_files/figure-latex/unnamed-chunk-7-7.pdf> <./final_files/figure-lat
ex/unnamed-chunk-7-8.pdf> <./final_files/figure-latex/unnamed-chunk-8-1.pdf> <.
/final_files/figure-latex/unnamed-chunk-8-2.pdf>]
<final_files/figure-latex/unnamed-chunk-8-5.pdf, id=173, 234.8775pt x 216.81pt>

File: final_files/figure-latex/unnamed-chunk-8-5.pdf Graphic file (type pdf)
<use final_files/figure-latex/unnamed-chunk-8-5.pdf>
Package pdftex.def Info: final_files/figure-latex/unnamed-chunk-8-5.pdf  used o
n input line 330.
(pdftex.def)             Requested size: 234.87692pt x 216.80946pt.
<final_files/figure-latex/unnamed-chunk-8-6.pdf, id=174, 234.8775pt x 216.81pt>

File: final_files/figure-latex/unnamed-chunk-8-6.pdf Graphic file (type pdf)
<use final_files/figure-latex/unnamed-chunk-8-6.pdf>
Package pdftex.def Info: final_files/figure-latex/unnamed-chunk-8-6.pdf  used o
n input line 331.
(pdftex.def)             Requested size: 234.87692pt x 216.80946pt.

Overfull \hbox (2.6099pt too wide) in paragraph at lines 330--332
[][] [] 
 []

<final_files/figure-latex/unnamed-chunk-8-7.pdf, id=175, 234.8775pt x 216.81pt>

File: final_files/figure-latex/unnamed-chunk-8-7.pdf Graphic file (type pdf)
<use final_files/figure-latex/unnamed-chunk-8-7.pdf>
Package pdftex.def Info: final_files/figure-latex/unnamed-chunk-8-7.pdf  used o
n input line 337.
(pdftex.def)             Requested size: 234.87692pt x 216.80946pt.
<final_files/figure-latex/unnamed-chunk-8-8.pdf, id=176, 234.8775pt x 216.81pt>

File: final_files/figure-latex/unnamed-chunk-8-8.pdf Graphic file (type pdf)
<use final_files/figure-latex/unnamed-chunk-8-8.pdf>
Package pdftex.def Info: final_files/figure-latex/unnamed-chunk-8-8.pdf  used o
n input line 338.
(pdftex.def)             Requested size: 234.87692pt x 216.80946pt.

Overfull \hbox (2.6099pt too wide) in paragraph at lines 337--339
[][] [] 
 []

[8 <./final_files/figure-latex/unnamed-chunk-8-3.pdf> <./final_files/figure-lat
ex/unnamed-chunk-8-4.pdf> <./final_files/figure-latex/unnamed-chunk-8-5.pdf> <.
/final_files/figure-latex/unnamed-chunk-8-6.pdf>]
<final_files/figure-latex/unnamed-chunk-9-1.pdf, id=201, 234.8775pt x 216.81pt>

File: final_files/figure-latex/unnamed-chunk-9-1.pdf Graphic file (type pdf)
<use final_files/figure-latex/unnamed-chunk-9-1.pdf>
Package pdftex.def Info: final_files/figure-latex/unnamed-chunk-9-1.pdf  used o
n input line 350.
(pdftex.def)             Requested size: 234.87692pt x 216.80946pt.
<final_files/figure-latex/unnamed-chunk-9-2.pdf, id=202, 234.8775pt x 216.81pt>

File: final_files/figure-latex/unnamed-chunk-9-2.pdf Graphic file (type pdf)
<use final_files/figure-latex/unnamed-chunk-9-2.pdf>
Package pdftex.def Info: final_files/figure-latex/unnamed-chunk-9-2.pdf  used o
n input line 351.
(pdftex.def)             Requested size: 234.87692pt x 216.80946pt.

Overfull \hbox (2.6099pt too wide) in paragraph at lines 350--352
[][] [] 
 []

<final_files/figure-latex/unnamed-chunk-9-3.pdf, id=203, 234.8775pt x 216.81pt>

File: final_files/figure-latex/unnamed-chunk-9-3.pdf Graphic file (type pdf)
<use final_files/figure-latex/unnamed-chunk-9-3.pdf>
Package pdftex.def Info: final_files/figure-latex/unnamed-chunk-9-3.pdf  used o
n input line 357.
(pdftex.def)             Requested size: 234.87692pt x 216.80946pt.
<final_files/figure-latex/unnamed-chunk-9-4.pdf, id=204, 234.8775pt x 216.81pt>

File: final_files/figure-latex/unnamed-chunk-9-4.pdf Graphic file (type pdf)
<use final_files/figure-latex/unnamed-chunk-9-4.pdf>
Package pdftex.def Info: final_files/figure-latex/unnamed-chunk-9-4.pdf  used o
n input line 358.
(pdftex.def)             Requested size: 234.87692pt x 216.80946pt.

Overfull \hbox (2.6099pt too wide) in paragraph at lines 357--359
[][] [] 
 []

[9 <./final_files/figure-latex/unnamed-chunk-8-7.pdf> <./final_files/figure-lat
ex/unnamed-chunk-8-8.pdf> <./final_files/figure-latex/unnamed-chunk-9-1.pdf> <.
/final_files/figure-latex/unnamed-chunk-9-2.pdf>]
<final_files/figure-latex/unnamed-chunk-9-5.pdf, id=231, 234.8775pt x 216.81pt>

File: final_files/figure-latex/unnamed-chunk-9-5.pdf Graphic file (type pdf)
<use final_files/figure-latex/unnamed-chunk-9-5.pdf>
Package pdftex.def Info: final_files/figure-latex/unnamed-chunk-9-5.pdf  used o
n input line 364.
(pdftex.def)             Requested size: 234.87692pt x 216.80946pt.
<final_files/figure-latex/unnamed-chunk-9-6.pdf, id=232, 234.8775pt x 216.81pt>

File: final_files/figure-latex/unnamed-chunk-9-6.pdf Graphic file (type pdf)
<use final_files/figure-latex/unnamed-chunk-9-6.pdf>
Package pdftex.def Info: final_files/figure-latex/unnamed-chunk-9-6.pdf  used o
n input line 365.
(pdftex.def)             Requested size: 234.87692pt x 216.80946pt.

Overfull \hbox (2.6099pt too wide) in paragraph at lines 364--366
[][] [] 
 []

<final_files/figure-latex/unnamed-chunk-9-7.pdf, id=233, 234.8775pt x 216.81pt>

File: final_files/figure-latex/unnamed-chunk-9-7.pdf Graphic file (type pdf)
<use final_files/figure-latex/unnamed-chunk-9-7.pdf>
Package pdftex.def Info: final_files/figure-latex/unnamed-chunk-9-7.pdf  used o
n input line 371.
(pdftex.def)             Requested size: 234.87692pt x 216.80946pt.
<final_files/figure-latex/unnamed-chunk-9-8.pdf, id=234, 234.8775pt x 216.81pt>

File: final_files/figure-latex/unnamed-chunk-9-8.pdf Graphic file (type pdf)
<use final_files/figure-latex/unnamed-chunk-9-8.pdf>
Package pdftex.def Info: final_files/figure-latex/unnamed-chunk-9-8.pdf  used o
n input line 372.
(pdftex.def)             Requested size: 234.87692pt x 216.80946pt.

Overfull \hbox (2.6099pt too wide) in paragraph at lines 371--373
[][] [] 
 []

[10 <./final_files/figure-latex/unnamed-chunk-9-3.pdf> <./final_files/figure-la
tex/unnamed-chunk-9-4.pdf> <./final_files/figure-latex/unnamed-chunk-9-5.pdf> <
./final_files/figure-latex/unnamed-chunk-9-6.pdf>]
LaTeX Font Info:    Trying to load font information for OML+lmtt on input line 
398.
LaTeX Font Info:    No file OMLlmtt.fd. on input line 398.

LaTeX Font Warning: Font shape `OML/lmtt/m/n' undefined
(Font)              using `OML/cmm/m/it' instead
(Font)              for symbol `textless' on input line 398.

<final_files/figure-latex/data boxplot-1.pdf, id=259, 433.62pt x 201.75375pt>
File: final_files/figure-latex/data boxplot-1.pdf Graphic file (type pdf)
<use final_files/figure-latex/data boxplot-1.pdf>
Package pdftex.def Info: final_files/figure-latex/data boxplot-1.pdf  used on i
nput line 411.
(pdftex.def)             Requested size: 433.62555pt x 201.75632pt.
[11pdfTeX warning (ext4): destination with the same identifier (name{table.2}) 
has been already used, duplicate ignored

\AtBegShi@Output ...ipout \box \AtBeginShipoutBox 
                                                  \fi \fi 
l.441 \begin{Shaded}
                     <./final_files/figure-latex/unnamed-chunk-9-7.pdf> <./fina
l_files/figure-latex/unnamed-chunk-9-8.pdf>]
<final_files/figure-latex/pca boxplot-1.pdf, id=279, 433.62pt x 208.78pt>
File: final_files/figure-latex/pca boxplot-1.pdf Graphic file (type pdf)
<use final_files/figure-latex/pca boxplot-1.pdf>
Package pdftex.def Info: final_files/figure-latex/pca boxplot-1.pdf  used on in
put line 449.
(pdftex.def)             Requested size: 433.63878pt x 208.78902pt.

LaTeX Warning: `!h' float specifier changed to `!ht'.

<final_files/figure-latex/variance-1.pdf, id=280, 578.16pt x 289.08pt>
File: final_files/figure-latex/variance-1.pdf Graphic file (type pdf)
<use final_files/figure-latex/variance-1.pdf>
Package pdftex.def Info: final_files/figure-latex/variance-1.pdf  used on input
 line 490.
(pdftex.def)             Requested size: 469.75385pt x 234.8769pt.

LaTeX Warning: `!h' float specifier changed to `!ht'.

[12pdfTeX warning (ext4): destination with the same identifier (name{figure.5})
 has been already used, duplicate ignored

\AtBegShi@Output ...ipout \box \AtBeginShipoutBox 
                                                  \fi \fi 
l.515   P
         C1 wyjaśnia \(45 \%\) wyjaśnianej wariancji, PC2 prawie \(25 \%\);pd
fTeX warning (ext4): destination with the same identifier (name{figure.6}) has 
been already used, duplicate ignored

\AtBegShi@Output ...ipout \box \AtBeginShipoutBox 
                                                  \fi \fi 
l.515   P
         C1 wyjaśnia \(45 \%\) wyjaśnianej wariancji, PC2 prawie \(25 \%\); <
./final_files/figure-latex/data boxplot-1.pdf> <./final_files/figure-latex/pca 
boxplot-1.pdf>]
<final_files/figure-latex/2d plot region-1.pdf, id=298, 722.7pt x 252.945pt>
File: final_files/figure-latex/2d plot region-1.pdf Graphic file (type pdf)
<use final_files/figure-latex/2d plot region-1.pdf>
Package pdftex.def Info: final_files/figure-latex/2d plot region-1.pdf  used on
 input line 530.
(pdftex.def)             Requested size: 469.76045pt x 164.41615pt.
<final_files/figure-latex/biplot-1.pdf, id=299, 433.62pt x 289.08pt>
File: final_files/figure-latex/biplot-1.pdf Graphic file (type pdf)
<use final_files/figure-latex/biplot-1.pdf>
Package pdftex.def Info: final_files/figure-latex/biplot-1.pdf  used on input l
ine 542.
(pdftex.def)             Requested size: 433.63878pt x 289.09251pt.
[13pdfTeX warning (ext4): destination with the same identifier (name{table.3}) 
has been already used, duplicate ignored

\AtBegShi@Output ...ipout \box \AtBeginShipoutBox 
                                                  \fi \fi 
l.570 \end{table}
                 pdfTeX warning (ext4): destination with the same identifier (n
ame{table.4}) has been already used, duplicate ignored

\AtBegShi@Output ...ipout \box \AtBeginShipoutBox 
                                                  \fi \fi 
l.570 \end{table}
                 ] [14pdfTeX warning (ext4): destination with the same identifi
er (name{figure.7}) has been already used, duplicate ignored

\AtBegShi@Output ...ipout \box \AtBeginShipoutBox 
                                                  \fi \fi 
l.570 \end{table}
                 pdfTeX warning (ext4): destination with the same identifier (n
ame{figure.8}) has been already used, duplicate ignored

\AtBegShi@Output ...ipout \box \AtBeginShipoutBox 
                                                  \fi \fi 
l.570 \end{table}
                  <./final_files/figure-latex/variance-1.pdf> <./final_files/fi
gure-latex/2d plot region-1.pdf>]
<final_files/figure-latex/unnamed-chunk-10-1.pdf, id=325, 433.62pt x 289.08pt>
File: final_files/figure-latex/unnamed-chunk-10-1.pdf Graphic file (type pdf)
<use final_files/figure-latex/unnamed-chunk-10-1.pdf>
Package pdftex.def Info: final_files/figure-latex/unnamed-chunk-10-1.pdf  used 
on input line 572.
(pdftex.def)             Requested size: 433.63878pt x 289.09251pt.
[15pdfTeX warning (ext4): destination with the same identifier (name{table.5}) 
has been already used, duplicate ignored

\AtBegShi@Output ...ipout \box \AtBeginShipoutBox 
                                                  \fi \fi 
l.575 ...o zadania 2}\label{wnioski-do-zadania-2}}
                                                   <./final_files/figure-latex/
biplot-1.pdf>]
<final_files/figure-latex/data for mds-1.pdf, id=336, 433.62pt x 289.08pt>
File: final_files/figure-latex/data for mds-1.pdf Graphic file (type pdf)
<use final_files/figure-latex/data for mds-1.pdf>
Package pdftex.def Info: final_files/figure-latex/data for mds-1.pdf  used on i
nput line 594.
(pdftex.def)             Requested size: 433.63878pt x 289.09251pt.
[16 <./final_files/figure-latex/unnamed-chunk-10-1.pdf>]
LaTeX Font Info:    Font shape `OT4/lmtt/bx/n' in size <12> not available
(Font)              Font shape `OT4/lmtt/b/n' tried instead on input line 605.
LaTeX Font Info:    Trying to load font information for OMS+lmtt on input line 
605.
LaTeX Font Info:    No file OMSlmtt.fd. on input line 605.

LaTeX Font Warning: Font shape `OMS/lmtt/m/n' undefined
(Font)              using `OMS/cmsy/m/n' instead
(Font)              for symbol `textbraceleft' on input line 605.

<final_files/figure-latex/STRESS-1.pdf, id=349, 433.62pt x 289.08pt>
File: final_files/figure-latex/STRESS-1.pdf Graphic file (type pdf)
<use final_files/figure-latex/STRESS-1.pdf>
Package pdftex.def Info: final_files/figure-latex/STRESS-1.pdf  used on input l
ine 615.
(pdftex.def)             Requested size: 433.63878pt x 289.09251pt.
Package atveryend Info: Empty hook `BeforeClearDocument' on input line 617.
[17 <./final_files/figure-latex/data for mds-1.pdf>] [18 <./final_files/figure-
latex/STRESS-1.pdf>]
Package atveryend Info: Empty hook `AfterLastShipout' on input line 617.
(./final.aux)
Package atveryend Info: Executing hook `AtVeryEndDocument' on input line 617.
Package atveryend Info: Empty hook `AtEndAfterFileList' on input line 617.

LaTeX Font Warning: Some font shapes were not available, defaults substituted.

 ) 
Here is how much of TeX's memory you used:
 15415 strings out of 480994
 230346 string characters out of 5916032
 527300 words of memory out of 5000000
 30486 multiletter control sequences out of 15000+600000
 583878 words of font info for 88 fonts, out of 8000000 for 9000
 1141 hyphenation exceptions out of 8191
 41i,10n,42p,804b,377s stack positions out of 5000i,500n,10000p,200000b,80000s
{c:/texlive/2019/texmf-dist/fonts/enc/dvips/lm/lm-rmtt.enc}{c:/texlive/2019/t
exmf-dist/fonts/enc/dvips/lm/lm-mathit.enc}{c:/texlive/2019/texmf-dist/fonts/en
c/dvips/lm/lm-ts1.enc}{c:/texlive/2019/texmf-dist/fonts/enc/dvips/lm/lm-rm.enc}
<c:/texlive/2019/texmf-dist/fonts/type1/public/amsfonts/cm/cmmi12.pfb><c:/texli
ve/2019/texmf-dist/fonts/type1/public/amsfonts/cm/cmsy10.pfb><c:/texlive/2019/t
exmf-dist/fonts/type1/public/lm/lmbx12.pfb><c:/texlive/2019/texmf-dist/fonts/ty
pe1/public/lm/lmmi12.pfb><c:/texlive/2019/texmf-dist/fonts/type1/public/lm/lmr1
2.pfb><c:/texlive/2019/texmf-dist/fonts/type1/public/lm/lmr17.pfb><c:/texlive/2
019/texmf-dist/fonts/type1/public/lm/lmtk10.pfb><c:/texlive/2019/texmf-dist/fon
ts/type1/public/lm/lmtt12.pfb>
Output written on final.pdf (18 pages, 479588 bytes).
PDF statistics:
 456 PDF objects out of 1000 (max. 8388607)
 349 compressed objects within 4 object streams
 65 named destinations out of 1000 (max. 500000)
 10522 words of extra memory for PDF output out of 12000 (max. 10000000)

